<?xml version="1.0" encoding="UTF-8"?>
<!-- Generated by org.testng.reporters.JUnitReportReporter -->
<testsuite hostname="IBM-PF3HJJ78" failures="0" tests="2" name="CITI.Satya_Selenium.annotations" time="0.026" errors="0" timestamp="2022-10-05T10:26:50 IST" skipped="0">
  <testcase classname="CITI.Satya_Selenium.annotations" name="SecondTest" time="0.003"/>
  <system-out/>
  <testcase classname="CITI.Satya_Selenium.annotations" name="Demo" time="0.023"/>
  <system-out/>
</testsuite> <!-- CITI.Satya_Selenium.annotations -->
