<?xml version="1.0" encoding="UTF-8"?>
<!-- Generated by org.testng.reporters.JUnitReportReporter -->
<testsuite hostname="IBM-PF3HJJ78" failures="0" tests="1" name="CITI.Satya_Selenium.Reporting" time="5.626" errors="0" timestamp="2022-10-05T11:24:55 IST" skipped="0">
  <testcase classname="CITI.Satya_Selenium.Reporting" name="initialDemo" time="5.626"/>
  <system-out/>
</testsuite> <!-- CITI.Satya_Selenium.Reporting -->
