<?xml version="1.0" encoding="UTF-8"?>
<!-- Generated by org.testng.reporters.JUnitReportReporter -->
<testsuite hostname="IBM-PF3HJJ78" failures="0" tests="1" name="CITI.Satya_Selenium.annotations2" time="0.009" errors="0" timestamp="2022-10-05T10:28:34 IST" skipped="0">
  <testcase classname="CITI.Satya_Selenium.annotations2" name="ploan" time="0.009"/>
  <system-out/>
</testsuite> <!-- CITI.Satya_Selenium.annotations2 -->
