<?xml version="1.0" encoding="UTF-8"?>
<!-- Generated by org.testng.reporters.JUnitReportReporter -->
<testsuite hostname="IBM-PF3HJJ78" failures="0" tests="1" name="Practice1.Reporting" time="7.714" errors="0" timestamp="2022-10-09T18:53:57 IST" skipped="0">
  <testcase classname="Practice1.Reporting" name="initialDemo" time="7.714"/>
  <system-out/>
</testsuite> <!-- Practice1.Reporting -->
