<?xml version="1.0" encoding="UTF-8"?>
<!-- Generated by org.testng.reporters.JUnitReportReporter -->
<testsuite hostname="IBM-PF3HJJ78" failures="0" tests="2" name="Practice1.annotations" time="0.014" errors="0" timestamp="2022-10-08T13:13:15 IST" skipped="0">
  <testcase classname="Practice1.annotations" name="Demo" time="0.010"/>
  <system-out/>
  <testcase classname="Practice1.annotations" name="SecondTest" time="0.004"/>
  <system-out/>
</testsuite> <!-- Practice1.annotations -->
