<?xml version="1.0" encoding="UTF-8"?>
<!-- Generated by org.testng.reporters.JUnitReportReporter -->
<testsuite hostname="IBM-PF3HJJ78" failures="0" tests="3" name="Test_Cases.SubmitOrderTest" time="65.955" errors="0" timestamp="2022-10-30T11:41:47 IST" skipped="0">
  <testcase classname="Test_Cases.SubmitOrderTest" name="submitOrder" time="20.170"/>
  <system-out/>
  <testcase classname="Test_Cases.SubmitOrderTest" name="OrderHistoryTest" time="18.612"/>
  <system-out/>
  <testcase classname="Test_Cases.SubmitOrderTest" name="submitOrder" time="27.173"/>
  <system-out/>
</testsuite> <!-- Test_Cases.SubmitOrderTest -->
