<?xml version="1.0" encoding="UTF-8"?>
<!-- Generated by org.testng.reporters.JUnitReportReporter -->
<testsuite hostname="IBM-PF3HJJ78" failures="0" tests="1" name="Cucumber.TestNGTestRunner" time="29.552" errors="0" timestamp="2022-10-21T18:01:26 IST" skipped="0">
  <testcase classname="Cucumber.TestNGTestRunner" name="runScenario" time="29.552"/>
  <system-out/>
</testsuite> <!-- Cucumber.TestNGTestRunner -->
