<?xml version="1.0" encoding="UTF-8"?>
<!-- Generated by org.testng.reporters.JUnitReportReporter -->
<testsuite hostname="IBM-PF3HJJ78" failures="0" tests="2" name="Test_Cases.ErrorValidationsTest" time="18.062" errors="0" timestamp="2022-10-30T11:41:47 IST" skipped="0">
  <testcase classname="Test_Cases.ErrorValidationsTest" name="LoginErrorValidation" time="7.444"/>
  <system-out/>
  <testcase classname="Test_Cases.ErrorValidationsTest" name="ProductErrorValidation" time="10.618"/>
  <system-out/>
</testsuite> <!-- Test_Cases.ErrorValidationsTest -->
