<?xml version="1.0" encoding="UTF-8"?>
<!-- Generated by org.testng.reporters.JUnitReportReporter -->
<testsuite hostname="IBM-PF3HJJ78" failures="0" tests="1" name="Practice1.annotations2" time="0.001" errors="0" timestamp="2022-10-08T13:13:15 IST" skipped="0">
  <testcase classname="Practice1.annotations2" name="ploan" time="0.001"/>
  <system-out/>
</testsuite> <!-- Practice1.annotations2 -->
