<?xml version="1.0" encoding="UTF-8"?>
<!-- Generated by org.testng.reporters.JUnitReportReporter -->
<testsuite hostname="IBM-PF3HJJ78" failures="0" tests="2" name="Test_Cases.ErrorValidationsTest" time="22.772" errors="0" timestamp="2022-10-11T19:47:36 IST" skipped="0">
  <testcase classname="Test_Cases.ErrorValidationsTest" name="LoginErrorValidation" time="8.124"/>
  <system-out/>
  <testcase classname="Test_Cases.ErrorValidationsTest" name="ProductErrorValidation" time="14.648"/>
  <system-out/>
</testsuite> <!-- Test_Cases.ErrorValidationsTest -->
