<?xml version="1.0" encoding="UTF-8"?>
<!-- Generated by org.testng.reporters.JUnitReportReporter -->
<testsuite hostname="IBM-PF3HJJ78" failures="0" tests="3" name="Test_Cases.SubmitOrderTest" time="39.364" errors="0" timestamp="2022-10-11T19:47:36 IST" skipped="0">
  <testcase classname="Test_Cases.SubmitOrderTest" name="submitOrder" time="21.292"/>
  <system-out/>
  <testcase classname="Test_Cases.SubmitOrderTest" name="OrderHistoryTest" time="3.801"/>
  <system-out/>
  <testcase classname="Test_Cases.SubmitOrderTest" name="submitOrder" time="14.271"/>
  <system-out/>
</testsuite> <!-- Test_Cases.SubmitOrderTest -->
