<?xml version="1.0" encoding="UTF-8"?>
<!-- Generated by org.testng.reporters.JUnitReportReporter -->
<testsuite hostname="IBM-PF3HJJ78" failures="0" tests="1" name="Test_Cases.StandAloneTest" time="23.389" errors="0" timestamp="2022-10-11T19:47:36 IST" skipped="0">
  <testcase classname="Test_Cases.StandAloneTest" name="SAlone" time="23.389"/>
  <system-out/>
</testsuite> <!-- Test_Cases.StandAloneTest -->
